[PIPELINE-PHASE: STARTING PIPELINE]  2025-07-21 09:04:12  
[PIPELINE-PHASE: EXTRACT]  2025-07-21 09:04:12  
[LOG]  2025-07-21 09:04:12  Attempting to fetch data from TIMS API...
[LOG]  2025-07-21 09:04:14  API Response Status Code: 200
[LOG]  2025-07-21 09:04:14  Wrote RAW snapshot: /Users/julyanvanderwesthuizen/Desktop/London_Traffic_Incident_Data_Pipeline/datalake/raw/tims/TIMS-raw-snapshot-2025-07-21-09-04-14.json
[LOG]  2025-07-21 09:04:14  Successfully wrote raw snapshot
[PIPELINE-PHASE: TRANSFORM]  2025-07-21 09:04:14  
[LOG]  2025-07-21 09:04:14  Read RAW snapshot: TIMS-raw-snapshot-2025-07-21-09-04-14.json
[LOG]  2025-07-21 09:04:14  Wrote TRANSFORMED snapshot: /Users/julyanvanderwesthuizen/Desktop/London_Traffic_Incident_Data_Pipeline/datalake/transformed/tims/TIMS-transformed-snapshot-2025-07-21-09-04-14.json
[LOG]  2025-07-21 09:04:14  Successfully wrote transformed snapshot.
[PIPELINE-PHASE: LOAD]  2025-07-21 09:04:14  
[LOG]  2025-07-21 09:04:14  Attempting to connect to DB...
[LOG]  2025-07-21 09:04:14  Connected to DB
[LOG]  2025-07-21 09:04:14  READ TRANSFORMED snapshot: TIMS-transformed-snapshot-2025-07-21-09-04-14.json
[LOG]  2025-07-21 09:04:14  Succesfully loaded snapshot into DB.
[LOG]  2025-07-21 09:04:14  Deleted old RAW snapshot: PROCESSED-TIMS-raw-snapshot-2025-07-18-23-57-01.json
[LOG]  2025-07-21 09:04:14  Deleted old TRANSFORMED snapshot: PROCESSED-TIMS-transformed-snapshot-2025-07-18-23-57-01.json
[PIPELINE-PHASE: CLOSING PIPELINE]  2025-07-21 09:04:14  
[PIPELINE-PHASE: STARTING PIPELINE]  2025-07-21 09:04:45  
[PIPELINE-PHASE: EXTRACT]  2025-07-21 09:04:45  
[LOG]  2025-07-21 09:04:45  Attempting to fetch data from TIMS API...
[LOG]  2025-07-21 09:04:46  API Response Status Code: 200
[LOG]  2025-07-21 09:04:46  Wrote RAW snapshot: /Users/julyanvanderwesthuizen/Desktop/London_Traffic_Incident_Data_Pipeline/datalake/raw/tims/TIMS-raw-snapshot-2025-07-21-09-04-46.json
[LOG]  2025-07-21 09:04:46  Successfully wrote raw snapshot
[PIPELINE-PHASE: TRANSFORM]  2025-07-21 09:04:46  
[LOG]  2025-07-21 09:04:46  Read RAW snapshot: TIMS-raw-snapshot-2025-07-21-09-04-46.json
[LOG]  2025-07-21 09:04:46  Wrote TRANSFORMED snapshot: /Users/julyanvanderwesthuizen/Desktop/London_Traffic_Incident_Data_Pipeline/datalake/transformed/tims/TIMS-transformed-snapshot-2025-07-21-09-04-46.json
[LOG]  2025-07-21 09:04:46  Successfully wrote transformed snapshot.
[PIPELINE-PHASE: LOAD]  2025-07-21 09:04:46  
[LOG]  2025-07-21 09:04:46  Attempting to connect to DB...
[LOG]  2025-07-21 09:04:46  Connected to DB
[LOG]  2025-07-21 09:04:46  READ TRANSFORMED snapshot: TIMS-transformed-snapshot-2025-07-21-09-04-46.json
[LOG]  2025-07-21 09:04:46  Succesfully loaded snapshot into DB.
[LOG]  2025-07-21 09:04:46  Deleted old RAW snapshot: PROCESSED-TIMS-raw-snapshot-2025-07-20-13-23-26.json
[LOG]  2025-07-21 09:04:46  Deleted old TRANSFORMED snapshot: PROCESSED-TIMS-transformed-snapshot-2025-07-20-13-23-26.json
[PIPELINE-PHASE: CLOSING PIPELINE]  2025-07-21 09:04:46  
